app/build/outputs/logs/manifest-merger-dev-debug-report.txt
-- Merging decision tree log ---
manifest
ADDED from AndroidManifest.xml:2:1
	xmlns:tools
		ADDED from AndroidManifest.xml:3:5
	xmlns:android
		ADDED from AndroidManifest.xml:2:11
	package
		ADDED from AndroidManifest.xml:4:5
		INJECTED from AndroidManifest.xml:0:0
		INJECTED from AndroidManifest.xml:0:0
	android:versionName
		INJECTED from AndroidManifest.xml:0:0
		INJECTED from AndroidManifest.xml:0:0
	android:versionCode
		INJECTED from AndroidManifest.xml:0:0
		INJECTED from AndroidManifest.xml:0:0
uses-permission#android.permission.INTERNET
ADDED from AndroidManifest.xml:6:5
MERGED from com.google.android.gms:play-services-maps:7.5.0:21:5
MERGED from com.twitter.sdk.android:tweet-ui:1.1.0:9:5
MERGED from com.twitter.sdk.android:twitter-core:1.3.2:9:5
MERGED from com.twitter.sdk.android:twitter-core:1.3.2:9:5
MERGED from com.twitter.sdk.android:tweet-composer:0.7.3:9:5
MERGED from com.twitter.sdk.android:twitter-core:1.3.2:9:5
MERGED from com.digits.sdk.android:digits:1.4.0:9:5
MERGED from com.twitter.sdk.android:twitter-core:1.3.2:9:5
	android:name
		ADDED from AndroidManifest.xml:6:22
uses-permission#android.permission.ACCESS_NETWORK_STATE
ADDED from AndroidManifest.xml:7:5
MERGED from com.google.android.gms:play-services-maps:7.5.0:20:5
	android:name
		ADDED from AndroidManifest.xml:7:22
uses-permission#android.permission.ACCESS_COARSE_LOCATION
ADDED from AndroidManifest.xml:8:5
MERGED from com.google.android.gms:play-services-maps:7.5.0:23:5
	android:name
		ADDED from AndroidManifest.xml:8:22
uses-permission#android.permission.WRITE_EXTERNAL_STORAGE
ADDED from AndroidManifest.xml:9:5
MERGED from com.google.android.gms:play-services-maps:7.5.0:22:5
	android:name
		ADDED from AndroidManifest.xml:9:22
uses-permission#android.permission.ACCESS_FINE_LOCATION
ADDED from AndroidManifest.xml:10:5
	android:name
		ADDED from AndroidManifest.xml:10:22
uses-sdk
ADDED from AndroidManifest.xml:13:5
MERGED from com.android.support:multidex:1.0.1:18:5
MERGED from com.github.amlcurran.showcaseview:library:5.0.0:7:5
MERGED from com.android.support:cardview-v7:21.0.3:15:5
MERGED from com.android.support:appcompat-v7:22.2.0:20:5
MERGED from com.android.support:support-v4:22.2.0:20:5
MERGED from com.github.ksoichiro:android-observablescrollview:1.5.0:21:5
MERGED from com.android.support:recyclerview-v7:21.0.3:15:5
MERGED from com.android.support:support-v4:22.2.0:20:5
MERGED from com.google.android.gms:play-services-location:7.5.0:18:5
MERGED from com.google.android.gms:play-services-base:7.5.0:18:5
MERGED from com.android.support:support-v4:22.2.0:20:5
MERGED from com.google.android.gms:play-services-maps:7.5.0:28:5
MERGED from com.google.android.gms:play-services-base:7.5.0:18:5
MERGED from com.android.support:support-v4:22.2.0:20:5
MERGED from com.melnykov:floatingactionbutton:1.3.0:8:5
MERGED from com.android.support:recyclerview-v7:21.0.3:15:5
MERGED from com.android.support:support-v4:22.2.0:20:5
MERGED from com.github.serchinastico:coolswitch:1.0.1:7:5
MERGED from com.github.ozodrukh:CircularReveal:1.0.4:6:5
MERGED from com.android.support:appcompat-v7:22.2.0:20:5
MERGED from com.android.support:support-v4:22.2.0:20:5
MERGED from com.mopub.sdk.android:mopub:3.7.0:7:5
MERGED from com.android.support:support-v4:22.2.0:20:5
MERGED from io.fabric.sdk.android:fabric:1.3.1:7:5
MERGED from com.twitter.sdk.android:twitter:1.4.0:7:5
MERGED from com.twitter.sdk.android:tweet-ui:1.1.0:7:5
MERGED from com.twitter.cobalt:performance-metrics:0.2.0:5:5
MERGED from com.twitter.sdk.android:twitter-core:1.3.2:7:5
MERGED from io.fabric.sdk.android:fabric:1.3.1:7:5
MERGED from io.fabric.sdk.android:fabric:1.3.1:7:5
MERGED from com.android.support:support-v4:22.2.0:20:5
MERGED from com.twitter.sdk.android:twitter-core:1.3.2:7:5
MERGED from io.fabric.sdk.android:fabric:1.3.1:7:5
MERGED from io.fabric.sdk.android:fabric:1.3.1:7:5
MERGED from com.twitter.sdk.android:tweet-composer:0.7.3:7:5
MERGED from io.fabric.sdk.android:fabric:1.3.1:7:5
MERGED from com.twitter.sdk.android:twitter-core:1.3.2:7:5
MERGED from io.fabric.sdk.android:fabric:1.3.1:7:5
MERGED from com.digits.sdk.android:digits:1.4.0:7:5
MERGED from com.twitter.sdk.android:twitter-core:1.3.2:7:5
MERGED from io.fabric.sdk.android:fabric:1.3.1:7:5
MERGED from io.fabric.sdk.android:fabric:1.3.1:7:5
	android:targetSdkVersion
		ADDED from AndroidManifest.xml:15:9
		INJECTED from AndroidManifest.xml:0:0
		INJECTED from AndroidManifest.xml:0:0
	android:minSdkVersion
		ADDED from AndroidManifest.xml:14:9
		INJECTED from AndroidManifest.xml:0:0
		INJECTED from AndroidManifest.xml:0:0
	tools:overrideLibrary
		ADDED from AndroidManifest.xml:16:9
application
ADDED from AndroidManifest.xml:18:5
MERGED from com.android.support:cardview-v7:21.0.3:16:5
MERGED from com.android.support:appcompat-v7:22.2.0:22:5
MERGED from com.android.support:support-v4:22.2.0:22:5
MERGED from com.android.support:recyclerview-v7:21.0.3:17:5
MERGED from com.android.support:support-v4:22.2.0:22:5
MERGED from com.google.android.gms:play-services-location:7.5.0:19:5
MERGED from com.google.android.gms:play-services-base:7.5.0:20:5
MERGED from com.android.support:support-v4:22.2.0:22:5
MERGED from com.google.android.gms:play-services-maps:7.5.0:29:5
MERGED from com.google.android.gms:play-services-base:7.5.0:20:5
MERGED from com.android.support:support-v4:22.2.0:22:5
MERGED from com.melnykov:floatingactionbutton:1.3.0:12:5
MERGED from com.android.support:recyclerview-v7:21.0.3:17:5
MERGED from com.android.support:support-v4:22.2.0:22:5
MERGED from com.github.serchinastico:coolswitch:1.0.1:11:5
MERGED from com.github.ozodrukh:CircularReveal:1.0.4:10:5
MERGED from com.android.support:appcompat-v7:22.2.0:22:5
MERGED from com.android.support:support-v4:22.2.0:22:5
MERGED from com.mopub.sdk.android:mopub:3.7.0:11:5
MERGED from com.android.support:support-v4:22.2.0:22:5
MERGED from io.fabric.sdk.android:fabric:1.3.1:9:5
MERGED from com.twitter.sdk.android:twitter:1.4.0:9:5
MERGED from com.twitter.sdk.android:tweet-ui:1.1.0:11:5
MERGED from com.twitter.cobalt:performance-metrics:0.2.0:9:5
MERGED from com.twitter.sdk.android:twitter-core:1.3.2:11:5
MERGED from io.fabric.sdk.android:fabric:1.3.1:9:5
MERGED from io.fabric.sdk.android:fabric:1.3.1:9:5
MERGED from com.android.support:support-v4:22.2.0:22:5
MERGED from com.twitter.sdk.android:twitter-core:1.3.2:11:5
MERGED from io.fabric.sdk.android:fabric:1.3.1:9:5
MERGED from io.fabric.sdk.android:fabric:1.3.1:9:5
MERGED from com.twitter.sdk.android:tweet-composer:0.7.3:11:5
MERGED from io.fabric.sdk.android:fabric:1.3.1:9:5
MERGED from com.twitter.sdk.android:twitter-core:1.3.2:11:5
MERGED from io.fabric.sdk.android:fabric:1.3.1:9:5
MERGED from com.digits.sdk.android:digits:1.4.0:11:5
MERGED from com.twitter.sdk.android:twitter-core:1.3.2:11:5
MERGED from io.fabric.sdk.android:fabric:1.3.1:9:5
MERGED from io.fabric.sdk.android:fabric:1.3.1:9:5
	android:label
		ADDED from AndroidManifest.xml:21:9
		REJECTED from com.github.serchinastico:coolswitch:1.0.1:13:9
	android:allowBackup
		ADDED from AndroidManifest.xml:19:9
	android:icon
		ADDED from AndroidManifest.xml:20:9
	android:theme
		ADDED from AndroidManifest.xml:22:9
	tools:replace
		ADDED from AndroidManifest.xml:23:9
	android:name
		ADDED from AndroidManifest.xml:24:9
meta-data#com.google.android.gms.version
ADDED from AndroidManifest.xml:26:9
MERGED from com.google.android.gms:play-services-base:7.5.0:21:9
MERGED from com.google.android.gms:play-services-base:7.5.0:21:9
	android:name
		ADDED from AndroidManifest.xml:26:20
	android:value
		ADDED from AndroidManifest.xml:27:13
meta-data#io.fabric.ApiKey
ADDED from AndroidManifest.xml:29:9
	android:name
		ADDED from AndroidManifest.xml:30:13
	android:value
		ADDED from AndroidManifest.xml:31:13
activity#com.social.solution.unused.MainActivity
ADDED from AndroidManifest.xml:35:9
	android:name
		ADDED from AndroidManifest.xml:35:19
activity#com.social.solution.unused.ShowTweet
ADDED from AndroidManifest.xml:36:9
	android:theme
		ADDED from AndroidManifest.xml:36:52
	android:name
		ADDED from AndroidManifest.xml:36:19
activity#com.social.solution.unused.ShowImage
ADDED from AndroidManifest.xml:37:9
	android:name
		ADDED from AndroidManifest.xml:37:19
activity#com.social.solution.activity.UserProfile
ADDED from AndroidManifest.xml:38:9
	android:theme
		ADDED from AndroidManifest.xml:40:13
	android:name
		ADDED from AndroidManifest.xml:39:13
activity#com.social.solution.unused.StartActivity
ADDED from AndroidManifest.xml:42:9
	android:name
		ADDED from AndroidManifest.xml:42:19
activity#com.social.solution.activity.LoginActivity
ADDED from AndroidManifest.xml:43:9
	android:name
		ADDED from AndroidManifest.xml:43:19
activity#com.social.solution.unused.AddSegmentActivity
ADDED from AndroidManifest.xml:44:9
	android:name
		ADDED from AndroidManifest.xml:44:19
activity#com.mopub.mobileads.MoPubActivity
ADDED from AndroidManifest.xml:47:9
	android:configChanges
		ADDED from AndroidManifest.xml:48:13
	android:name
		ADDED from AndroidManifest.xml:47:19
activity#com.mopub.mobileads.MraidActivity
ADDED from AndroidManifest.xml:49:9
	android:configChanges
		ADDED from AndroidManifest.xml:50:13
	android:name
		ADDED from AndroidManifest.xml:49:19
activity#com.mopub.common.MoPubBrowser
ADDED from AndroidManifest.xml:51:9
	android:configChanges
		ADDED from AndroidManifest.xml:52:13
	android:name
		ADDED from AndroidManifest.xml:51:19
activity#com.mopub.mobileads.MraidVideoPlayerActivity
ADDED from AndroidManifest.xml:53:9
	android:configChanges
		ADDED from AndroidManifest.xml:54:13
	android:name
		ADDED from AndroidManifest.xml:53:19
activity#com.social.solution.activity.TrendingTweetsActivity
ADDED from AndroidManifest.xml:56:9
	android:screenOrientation
		ADDED from AndroidManifest.xml:59:13
	android:theme
		ADDED from AndroidManifest.xml:58:13
	android:name
		ADDED from AndroidManifest.xml:57:13
activity#com.social.solution.activity.ViewPagerTabListViewActivity
ADDED from AndroidManifest.xml:63:9
	android:screenOrientation
		ADDED from AndroidManifest.xml:67:13
	android:label
		ADDED from AndroidManifest.xml:65:13
	android:theme
		ADDED from AndroidManifest.xml:66:13
	android:name
		ADDED from AndroidManifest.xml:64:13
activity#com.social.solution.activity.MyMainActivity
ADDED from AndroidManifest.xml:73:9
	android:screenOrientation
		ADDED from AndroidManifest.xml:77:13
	android:label
		ADDED from AndroidManifest.xml:75:13
	android:theme
		ADDED from AndroidManifest.xml:76:13
	android:name
		ADDED from AndroidManifest.xml:74:13
intent-filter#android.intent.action.MAIN+android.intent.category.LAUNCHER
ADDED from AndroidManifest.xml:78:13
action#android.intent.action.MAIN
ADDED from AndroidManifest.xml:79:17
	android:name
		ADDED from AndroidManifest.xml:79:25
category#android.intent.category.LAUNCHER
ADDED from AndroidManifest.xml:80:17
	android:name
		ADDED from AndroidManifest.xml:80:27
activity#android.support.v7.widget.TestActivity
ADDED from com.android.support:recyclerview-v7:21.0.3:18:9
MERGED from com.android.support:recyclerview-v7:21.0.3:18:9
	android:label
		ADDED from com.android.support:recyclerview-v7:21.0.3:18:19
	android:name
		ADDED from com.android.support:recyclerview-v7:21.0.3:18:60
uses-feature#0x00020000
ADDED from com.google.android.gms:play-services-maps:7.5.0:24:5
	android:required
		ADDED from com.google.android.gms:play-services-maps:7.5.0:26:8
	android:glEsVersion
		ADDED from com.google.android.gms:play-services-maps:7.5.0:25:8
android:uses-permission#android.permission.READ_EXTERNAL_STORAGE
IMPLIED from AndroidManifest.xml:2:1 reason: com.google.android.gms.maps requested WRITE_EXTERNAL_STORAGE
activity#com.twitter.sdk.android.core.identity.OAuthActivity
ADDED from com.twitter.sdk.android:twitter-core:1.3.2:12:9
MERGED from com.twitter.sdk.android:twitter-core:1.3.2:12:9
MERGED from com.twitter.sdk.android:twitter-core:1.3.2:12:9
MERGED from com.twitter.sdk.android:twitter-core:1.3.2:12:9
	android:configChanges
		ADDED from com.twitter.sdk.android:twitter-core:1.3.2:14:13
	android:exported
		ADDED from com.twitter.sdk.android:twitter-core:1.3.2:16:13
	android:excludeFromRecents
		ADDED from com.twitter.sdk.android:twitter-core:1.3.2:15:13
	android:name
		ADDED from com.twitter.sdk.android:twitter-core:1.3.2:13:13
activity#com.twitter.sdk.android.core.identity.ShareEmailActivity
ADDED from com.twitter.sdk.android:twitter-core:1.3.2:17:9
MERGED from com.twitter.sdk.android:twitter-core:1.3.2:17:9
MERGED from com.twitter.sdk.android:twitter-core:1.3.2:17:9
MERGED from com.twitter.sdk.android:twitter-core:1.3.2:17:9
	android:label
		ADDED from com.twitter.sdk.android:twitter-core:1.3.2:23:13
	android:icon
		ADDED from com.twitter.sdk.android:twitter-core:1.3.2:22:13
	android:configChanges
		ADDED from com.twitter.sdk.android:twitter-core:1.3.2:19:13
	android:exported
		ADDED from com.twitter.sdk.android:twitter-core:1.3.2:21:13
	android:excludeFromRecents
		ADDED from com.twitter.sdk.android:twitter-core:1.3.2:20:13
	android:name
		ADDED from com.twitter.sdk.android:twitter-core:1.3.2:18:13
activity#com.digits.sdk.android.PhoneNumberActivity
ADDED from com.digits.sdk.android:digits:1.4.0:12:9
	android:windowSoftInputMode
		ADDED from com.digits.sdk.android:digits:1.4.0:18:13
	android:configChanges
		ADDED from com.digits.sdk.android:digits:1.4.0:14:13
	android:exported
		ADDED from com.digits.sdk.android:digits:1.4.0:16:13
	android:excludeFromRecents
		ADDED from com.digits.sdk.android:digits:1.4.0:15:13
	android:taskAffinity
		ADDED from com.digits.sdk.android:digits:1.4.0:17:13
	android:name
		ADDED from com.digits.sdk.android:digits:1.4.0:13:13
activity#com.digits.sdk.android.ConfirmationCodeActivity
ADDED from com.digits.sdk.android:digits:1.4.0:19:9
	android:windowSoftInputMode
		ADDED from com.digits.sdk.android:digits:1.4.0:25:13
	android:configChanges
		ADDED from com.digits.sdk.android:digits:1.4.0:21:13
	android:exported
		ADDED from com.digits.sdk.android:digits:1.4.0:23:13
	android:excludeFromRecents
		ADDED from com.digits.sdk.android:digits:1.4.0:22:13
	android:taskAffinity
		ADDED from com.digits.sdk.android:digits:1.4.0:24:13
	android:name
		ADDED from com.digits.sdk.android:digits:1.4.0:20:13
activity#com.digits.sdk.android.LoginCodeActivity
ADDED from com.digits.sdk.android:digits:1.4.0:26:9
	android:windowSoftInputMode
		ADDED from com.digits.sdk.android:digits:1.4.0:33:13
	android:configChanges
		ADDED from com.digits.sdk.android:digits:1.4.0:28:13
	android:exported
		ADDED from com.digits.sdk.android:digits:1.4.0:30:13
	android:excludeFromRecents
		ADDED from com.digits.sdk.android:digits:1.4.0:29:13
	android:taskAffinity
		ADDED from com.digits.sdk.android:digits:1.4.0:32:13
	android:name
		ADDED from com.digits.sdk.android:digits:1.4.0:27:13
	android:launchMode
		ADDED from com.digits.sdk.android:digits:1.4.0:31:13
activity#com.digits.sdk.android.PinCodeActivity
ADDED from com.digits.sdk.android:digits:1.4.0:34:9
	android:windowSoftInputMode
		ADDED from com.digits.sdk.android:digits:1.4.0:41:13
	android:configChanges
		ADDED from com.digits.sdk.android:digits:1.4.0:36:13
	android:exported
		ADDED from com.digits.sdk.android:digits:1.4.0:38:13
	android:excludeFromRecents
		ADDED from com.digits.sdk.android:digits:1.4.0:37:13
	android:taskAffinity
		ADDED from com.digits.sdk.android:digits:1.4.0:40:13
	android:name
		ADDED from com.digits.sdk.android:digits:1.4.0:35:13
	android:launchMode
		ADDED from com.digits.sdk.android:digits:1.4.0:39:13
activity#com.digits.sdk.android.FailureActivity
ADDED from com.digits.sdk.android:digits:1.4.0:42:9
	android:configChanges
		ADDED from com.digits.sdk.android:digits:1.4.0:44:13
	android:exported
		ADDED from com.digits.sdk.android:digits:1.4.0:46:13
	android:excludeFromRecents
		ADDED from com.digits.sdk.android:digits:1.4.0:45:13
	android:taskAffinity
		ADDED from com.digits.sdk.android:digits:1.4.0:47:13
	android:name
		ADDED from com.digits.sdk.android:digits:1.4.0:43:13
activity#com.digits.sdk.android.ContactsActivity
ADDED from com.digits.sdk.android:digits:1.4.0:48:9
	android:configChanges
		ADDED from com.digits.sdk.android:digits:1.4.0:50:13
	android:exported
		ADDED from com.digits.sdk.android:digits:1.4.0:52:13
	android:excludeFromRecents
		ADDED from com.digits.sdk.android:digits:1.4.0:51:13
	android:name
		ADDED from com.digits.sdk.android:digits:1.4.0:49:13
activity#com.digits.sdk.android.PhoneNumberActionBarActivity
ADDED from com.digits.sdk.android:digits:1.4.0:53:9
	android:windowSoftInputMode
		ADDED from com.digits.sdk.android:digits:1.4.0:59:13
	android:configChanges
		ADDED from com.digits.sdk.android:digits:1.4.0:55:13
	android:exported
		ADDED from com.digits.sdk.android:digits:1.4.0:57:13
	android:excludeFromRecents
		ADDED from com.digits.sdk.android:digits:1.4.0:56:13
	android:taskAffinity
		ADDED from com.digits.sdk.android:digits:1.4.0:58:13
	android:name
		ADDED from com.digits.sdk.android:digits:1.4.0:54:13
activity#com.digits.sdk.android.ConfirmationCodeActionBarActivity
ADDED from com.digits.sdk.android:digits:1.4.0:60:9
	android:windowSoftInputMode
		ADDED from com.digits.sdk.android:digits:1.4.0:66:13
	android:configChanges
		ADDED from com.digits.sdk.android:digits:1.4.0:62:13
	android:exported
		ADDED from com.digits.sdk.android:digits:1.4.0:64:13
	android:excludeFromRecents
		ADDED from com.digits.sdk.android:digits:1.4.0:63:13
	android:taskAffinity
		ADDED from com.digits.sdk.android:digits:1.4.0:65:13
	android:name
		ADDED from com.digits.sdk.android:digits:1.4.0:61:13
activity#com.digits.sdk.android.LoginCodeActionBarActivity
ADDED from com.digits.sdk.android:digits:1.4.0:67:9
	android:windowSoftInputMode
		ADDED from com.digits.sdk.android:digits:1.4.0:74:13
	android:configChanges
		ADDED from com.digits.sdk.android:digits:1.4.0:69:13
	android:exported
		ADDED from com.digits.sdk.android:digits:1.4.0:71:13
	android:excludeFromRecents
		ADDED from com.digits.sdk.android:digits:1.4.0:70:13
	android:taskAffinity
		ADDED from com.digits.sdk.android:digits:1.4.0:73:13
	android:name
		ADDED from com.digits.sdk.android:digits:1.4.0:68:13
	android:launchMode
		ADDED from com.digits.sdk.android:digits:1.4.0:72:13
activity#com.digits.sdk.android.FailureActionBarActivity
ADDED from com.digits.sdk.android:digits:1.4.0:75:9
	android:configChanges
		ADDED from com.digits.sdk.android:digits:1.4.0:77:13
	android:exported
		ADDED from com.digits.sdk.android:digits:1.4.0:79:13
	android:excludeFromRecents
		ADDED from com.digits.sdk.android:digits:1.4.0:78:13
	android:taskAffinity
		ADDED from com.digits.sdk.android:digits:1.4.0:80:13
	android:name
		ADDED from com.digits.sdk.android:digits:1.4.0:76:13
activity#com.digits.sdk.android.ContactsActionBarActivity
ADDED from com.digits.sdk.android:digits:1.4.0:81:9
	android:configChanges
		ADDED from com.digits.sdk.android:digits:1.4.0:83:13
	android:exported
		ADDED from com.digits.sdk.android:digits:1.4.0:85:13
	android:excludeFromRecents
		ADDED from com.digits.sdk.android:digits:1.4.0:84:13
	android:name
		ADDED from com.digits.sdk.android:digits:1.4.0:82:13
activity#com.digits.sdk.android.PinCodeActionBarActivity
ADDED from com.digits.sdk.android:digits:1.4.0:86:9
	android:windowSoftInputMode
		ADDED from com.digits.sdk.android:digits:1.4.0:93:13
	android:configChanges
		ADDED from com.digits.sdk.android:digits:1.4.0:88:13
	android:exported
		ADDED from com.digits.sdk.android:digits:1.4.0:90:13
	android:excludeFromRecents
		ADDED from com.digits.sdk.android:digits:1.4.0:89:13
	android:taskAffinity
		ADDED from com.digits.sdk.android:digits:1.4.0:92:13
	android:name
		ADDED from com.digits.sdk.android:digits:1.4.0:87:13
	android:launchMode
		ADDED from com.digits.sdk.android:digits:1.4.0:91:13
service#com.digits.sdk.android.ContactsUploadService
ADDED from com.digits.sdk.android:digits:1.4.0:95:9
	android:exported
		ADDED from com.digits.sdk.android:digits:1.4.0:98:13
	android:enabled
		ADDED from com.digits.sdk.android:digits:1.4.0:97:13
	android:name
		ADDED from com.digits.sdk.android:digits:1.4.0:96:13